<?xml version="1.0" encoding="UTF-8"?>
<!-- Generated by org.testng.reporters.JUnitXMLReporter -->
<testsuite ignored="0" hostname="LP-5CG0471MNB" failures="0" tests="3" name="Test" time="95.505" errors="0" timestamp="2024-03-26T15:32:14 IST">
  <testcase classname="SeleFrameworkDesign.FrameworkDesign.SubmitOrderTest" name="submitOrderTest" time="21.873"/>
  <testcase classname="SeleFrameworkDesign.FrameworkDesign.SubmitOrderTest" name="submitOrderTest" time="20.117"/>
  <testcase classname="SeleFrameworkDesign.FrameworkDesign.SubmitOrderTest" name="productOrderCheck" time="2.017"/>
</testsuite> <!-- Test -->
