<?xml version="1.0" encoding="UTF-8"?>
<!-- Generated by org.testng.reporters.JUnitXMLReporter -->
<testsuite ignored="1" hostname="LP-5CG0471MNB" failures="0" tests="7" name="Default test" time="0.433" errors="0" timestamp="2024-03-16T17:05:01 IST">
  <testcase classname="Test2.day3" name="mobileTestPersonalLoan" time="0.03"/>
  <testcase classname="Test2.day3" name="nono" time="0.015"/>
  <testcase classname="Test2.day3" name="nono" time="0.003"/>
  <testcase classname="Test2.day3" name="nono" time="0.002"/>
  <testcase classname="Test2.day3" name="webTestPersonalLoan" time="0.002"/>
  <testcase classname="Test2.day3" name="timeoutMeth" time="0.014"/>
  <testcase classname="Test2.day3" name="apiTestPersonalLoan" time="0.026"/>
  <testcase classname="Test2.day3" name="enabledMeth" time="0.0">
    <ignored/>
  </testcase> <!-- enabledMeth -->
</testsuite> <!-- Default test -->
