<?xml version="1.0" encoding="UTF-8"?>
<!-- Generated by org.testng.reporters.JUnitXMLReporter -->
<testsuite ignored="2" hostname="LP-5CG0471MNB" failures="0" tests="2" name="Default test" time="3.442" errors="0" timestamp="2024-04-17T14:36:39 IST">
  <testcase classname="apiTest.apiTestingShiv.LibraryAPi" name="addBook" time="3.165"/>
  <testcase classname="apiTest.apiTestingShiv.LibraryAPi" name="deleteBook" time="0.194"/>
  <testcase classname="apiTest.apiTestingShiv.LibraryAPi" name="getBookById" time="0.0">
    <ignored/>
  </testcase> <!-- getBookById -->
  <testcase classname="apiTest.apiTestingShiv.LibraryAPi" name="getBookByName" time="0.0">
    <ignored/>
  </testcase> <!-- getBookByName -->
</testsuite> <!-- Default test -->
