<?xml version="1.0" encoding="UTF-8"?>
<!-- Generated by org.testng.reporters.JUnitXMLReporter -->
<testsuite ignored="6" hostname="LP-5CG0471MNB" failures="0" tests="3" name="test1" time="0.123" errors="0" timestamp="2024-03-15T14:13:18 IST">
  <testcase classname="Test1.day1" name="mobileTestCarLoan" time="0.015"/>
  <testcase classname="Test1.day1" name="webTestCarLoan" time="0.002"/>
  <testcase classname="Test1.day2" name="mobileTestHomeLoan" time="0.002"/>
  <testcase classname="Test2.day3" name="mobileTestPersonalLoan" time="0.0">
    <ignored/>
  </testcase> <!-- mobileTestPersonalLoan -->
  <testcase classname="Test1.day2" name="webTestHomeLoan" time="0.0">
    <ignored/>
  </testcase> <!-- webTestHomeLoan -->
  <testcase classname="Test2.day3" name="apiTestPersonalLoan" time="0.0">
    <ignored/>
  </testcase> <!-- apiTestPersonalLoan -->
  <testcase classname="Test1.day2" name="apiTestHomeLoan" time="0.0">
    <ignored/>
  </testcase> <!-- apiTestHomeLoan -->
  <testcase classname="Test1.day1" name="apiTestCarLoan" time="0.0">
    <ignored/>
  </testcase> <!-- apiTestCarLoan -->
  <testcase classname="Test2.day3" name="webTestPersonalLoan" time="0.0">
    <ignored/>
  </testcase> <!-- webTestPersonalLoan -->
</testsuite> <!-- test1 -->
