<?xml version="1.0" encoding="UTF-8"?>
<!-- Generated by org.testng.reporters.JUnitXMLReporter -->
<testsuite ignored="0" hostname="LP-5CG0471MNB" failures="0" tests="4" name="test1" time="0.137" errors="0" timestamp="2024-03-16T17:27:01 IST">
  <testcase classname="Test1.day2" name="apiTestHomeLoan" time="0.008"/>
  <testcase classname="Test1.day2" name="mobileTestHomeLoan" time="0.003"/>
  <testcase classname="Test1.day2" name="shivam" time="0.005"/>
  <testcase classname="Test1.day2" name="webTestHomeLoan" time="0.003"/>
</testsuite> <!-- test1 -->
