<?xml version="1.0" encoding="UTF-8"?>
<testng-results ignored="0" total="3" passed="3" failed="0" skipped="0">
  <reporter-output>
  </reporter-output>
  <suite started-at="2024-04-02T14:00:02 IST" name="Default suite" finished-at="2024-04-02T14:01:03 IST" duration-ms="61063">
    <groups>
      <group name="cucumber">
        <method signature="AbstractTestNGCucumberTests.runScenario(io.cucumber.testng.PickleWrapper,io.cucumber.testng.FeatureWrapper)[pri:0, instance:SeleFrameworkDesign.CucumberFramework.TestNGCucumberRunner@5b218417]" name="runScenario" class="io.cucumber.testng.AbstractTestNGCucumberTests"/>
      </group> <!-- cucumber -->
    </groups>
    <test started-at="2024-04-02T14:00:02 IST" name="Default test" finished-at="2024-04-02T14:01:03 IST" duration-ms="61063">
      <class name="SeleFrameworkDesign.CucumberFramework.TestNGCucumberRunner">
        <test-method is-config="true" signature="setUpClass(org.testng.ITestContext)[pri:0, instance:SeleFrameworkDesign.CucumberFramework.TestNGCucumberRunner@5b218417]" started-at="2024-04-02T14:00:02 IST" name="setUpClass" finished-at="2024-04-02T14:00:03 IST" duration-ms="1155" status="PASS">
          <params>
            <param index="0">
              <value>
                <![CDATA[org.testng.TestRunner@65e22def]]>
              </value>
            </param>
          </params>
          <reporter-output>
          </reporter-output>
        </test-method> <!-- setUpClass -->
        <test-method signature="runScenario(io.cucumber.testng.PickleWrapper,io.cucumber.testng.FeatureWrapper)[pri:0, instance:SeleFrameworkDesign.CucumberFramework.TestNGCucumberRunner@5b218417]" started-at="2024-04-02T14:00:03 IST" name="runScenario" description="Runs Cucumber Scenarios" data-provider="scenarios" finished-at="2024-04-02T14:00:16 IST" duration-ms="12542" status="PASS">
          <params>
            <param index="0">
              <value>
                <![CDATA["Negetive test for login"]]>
              </value>
            </param>
            <param index="1">
              <value>
                <![CDATA["This is the test for error validation."]]>
              </value>
            </param>
          </params>
          <reporter-output>
          </reporter-output>
        </test-method> <!-- runScenario -->
        <test-method signature="runScenario(io.cucumber.testng.PickleWrapper,io.cucumber.testng.FeatureWrapper)[pri:0, instance:SeleFrameworkDesign.CucumberFramework.TestNGCucumberRunner@5b218417]" started-at="2024-04-02T14:00:16 IST" name="runScenario" description="Runs Cucumber Scenarios" data-provider="scenarios" finished-at="2024-04-02T14:00:30 IST" duration-ms="14054" status="PASS">
          <params>
            <param index="0">
              <value>
                <![CDATA["Negetive test for login"]]>
              </value>
            </param>
            <param index="1">
              <value>
                <![CDATA["This is the test for error validation."]]>
              </value>
            </param>
          </params>
          <reporter-output>
          </reporter-output>
        </test-method> <!-- runScenario -->
        <test-method signature="runScenario(io.cucumber.testng.PickleWrapper,io.cucumber.testng.FeatureWrapper)[pri:0, instance:SeleFrameworkDesign.CucumberFramework.TestNGCucumberRunner@5b218417]" started-at="2024-04-02T14:00:30 IST" name="runScenario" description="Runs Cucumber Scenarios" data-provider="scenarios" finished-at="2024-04-02T14:01:03 IST" duration-ms="33115" status="PASS">
          <params>
            <param index="0">
              <value>
                <![CDATA["Checking right product added to cart"]]>
              </value>
            </param>
            <param index="1">
              <value>
                <![CDATA["This is the test for error validation."]]>
              </value>
            </param>
          </params>
          <reporter-output>
          </reporter-output>
        </test-method> <!-- runScenario -->
        <test-method is-config="true" signature="tearDownClass()[pri:0, instance:SeleFrameworkDesign.CucumberFramework.TestNGCucumberRunner@5b218417]" started-at="2024-04-02T14:01:03 IST" name="tearDownClass" finished-at="2024-04-02T14:01:03 IST" duration-ms="91" status="PASS">
          <reporter-output>
          </reporter-output>
        </test-method> <!-- tearDownClass -->
      </class> <!-- SeleFrameworkDesign.CucumberFramework.TestNGCucumberRunner -->
    </test> <!-- Default test -->
  </suite> <!-- Default suite -->
</testng-results>
