<?xml version="1.0" encoding="UTF-8"?>
<testng-results ignored="0" total="1" passed="1" failed="0" skipped="0">
  <reporter-output>
  </reporter-output>
  <suite started-at="2024-03-29T15:48:23 IST" name="Default suite" finished-at="2024-03-29T15:49:20 IST" duration-ms="56812">
    <groups>
      <group name="cucumber">
        <method signature="AbstractTestNGCucumberTests.runScenario(io.cucumber.testng.PickleWrapper,io.cucumber.testng.FeatureWrapper)[pri:0, instance:SeleFrameworkDesign.CucumberFramework.TestNGCucumberRunner@5b218417]" name="runScenario" class="io.cucumber.testng.AbstractTestNGCucumberTests"/>
      </group> <!-- cucumber -->
    </groups>
    <test started-at="2024-03-29T15:48:23 IST" name="Default test" finished-at="2024-03-29T15:49:20 IST" duration-ms="56812">
      <class name="SeleFrameworkDesign.CucumberFramework.TestNGCucumberRunner">
        <test-method is-config="true" signature="setUpClass(org.testng.ITestContext)[pri:0, instance:SeleFrameworkDesign.CucumberFramework.TestNGCucumberRunner@5b218417]" started-at="2024-03-29T15:48:23 IST" name="setUpClass" finished-at="2024-03-29T15:48:24 IST" duration-ms="1440" status="PASS">
          <params>
            <param index="0">
              <value>
                <![CDATA[org.testng.TestRunner@663f237a]]>
              </value>
            </param>
          </params>
          <reporter-output>
          </reporter-output>
        </test-method> <!-- setUpClass -->
        <test-method signature="runScenario(io.cucumber.testng.PickleWrapper,io.cucumber.testng.FeatureWrapper)[pri:0, instance:SeleFrameworkDesign.CucumberFramework.TestNGCucumberRunner@5b218417]" started-at="2024-03-29T15:48:24 IST" name="runScenario" description="Runs Cucumber Scenarios" data-provider="scenarios" finished-at="2024-03-29T15:49:20 IST" duration-ms="55207" status="PASS">
          <params>
            <param index="0">
              <value>
                <![CDATA["Positive test for submitting order"]]>
              </value>
            </param>
            <param index="1">
              <value>
                <![CDATA["Purchasing an order from ecommerce website"]]>
              </value>
            </param>
          </params>
          <reporter-output>
          </reporter-output>
        </test-method> <!-- runScenario -->
        <test-method is-config="true" signature="tearDownClass()[pri:0, instance:SeleFrameworkDesign.CucumberFramework.TestNGCucumberRunner@5b218417]" started-at="2024-03-29T15:49:20 IST" name="tearDownClass" finished-at="2024-03-29T15:49:20 IST" duration-ms="68" status="PASS">
          <reporter-output>
          </reporter-output>
        </test-method> <!-- tearDownClass -->
      </class> <!-- SeleFrameworkDesign.CucumberFramework.TestNGCucumberRunner -->
    </test> <!-- Default test -->
  </suite> <!-- Default suite -->
</testng-results>
