<?xml version="1.0" encoding="UTF-8"?>
<!-- Generated by org.testng.reporters.JUnitXMLReporter -->
<testsuite ignored="0" hostname="LP-5CG0471MNB" failures="1" tests="1" name="Test" time="0.142" errors="0" timestamp="2024-04-01T13:35:05 IST">
  <testcase classname="PageFactoryClasses.TestCases" name="addtocartTest" time="0.026">
    <failure type="java.lang.NullPointerException" message="Cannot invoke &amp;quot;PageFactoryClasses.LoginPage.goToSignIn()&amp;quot; because &amp;quot;this.loginpage&amp;quot; is null">
      <![CDATA[java.lang.NullPointerException: Cannot invoke "PageFactoryClasses.LoginPage.goToSignIn()" because "this.loginpage" is null
at PageFactoryClasses.TestCases.addtocartTest(TestCases.java:11)
at java.base/java.util.ArrayList.forEach(ArrayList.java:1511)
... Removed 27 stack frames]]>
    </failure>
  </testcase> <!-- addtocartTest -->
</testsuite> <!-- Test -->
