<?xml version="1.0" encoding="UTF-8"?>
<testng-results ignored="0" total="1" passed="1" failed="0" skipped="0">
  <reporter-output>
  </reporter-output>
  <suite started-at="2024-04-22T13:05:01 IST" name="Default suite" finished-at="2024-04-22T13:05:07 IST" duration-ms="5662">
    <groups>
    </groups>
    <test started-at="2024-04-22T13:05:01 IST" name="Default test" finished-at="2024-04-22T13:05:07 IST" duration-ms="5662">
      <class name="apiTest.apiTestingShiv.SerializationDemo">
        <test-method signature="serialDemo()[pri:0, instance:apiTest.apiTestingShiv.SerializationDemo@5ab956d7]" started-at="2024-04-22T13:05:01 IST" name="serialDemo" finished-at="2024-04-22T13:05:07 IST" duration-ms="5584" status="PASS">
          <reporter-output>
          </reporter-output>
        </test-method> <!-- serialDemo -->
      </class> <!-- apiTest.apiTestingShiv.SerializationDemo -->
    </test> <!-- Default test -->
  </suite> <!-- Default suite -->
</testng-results>
