<?xml version="1.0" encoding="UTF-8"?>
<testng-results ignored="0" total="1" passed="1" failed="0" skipped="0">
  <reporter-output>
  </reporter-output>
  <suite started-at="2024-04-18T16:18:05 IST" name="Default suite" finished-at="2024-04-18T16:18:09 IST" duration-ms="4001">
    <groups>
    </groups>
    <test started-at="2024-04-18T16:18:05 IST" name="Default test" finished-at="2024-04-18T16:18:09 IST" duration-ms="4001">
      <class name="apiTest.apiTestingShiv.AuthenticationTest">
        <test-method signature="authenticationTest()[pri:0, instance:apiTest.apiTestingShiv.AuthenticationTest@2e385cce]" started-at="2024-04-18T16:18:05 IST" name="authenticationTest" finished-at="2024-04-18T16:18:09 IST" duration-ms="3946" status="PASS">
          <reporter-output>
          </reporter-output>
        </test-method> <!-- authenticationTest -->
      </class> <!-- apiTest.apiTestingShiv.AuthenticationTest -->
    </test> <!-- Default test -->
  </suite> <!-- Default suite -->
</testng-results>
