<?xml version="1.0" encoding="UTF-8"?>
<!-- Generated by org.testng.reporters.JUnitXMLReporter -->
<testsuite ignored="0" hostname="LP-5CG0471MNB" failures="0" tests="6" name="car" time="0.15" errors="0" timestamp="2024-03-15T12:51:05 IST">
  <testcase classname="Test1.day1" name="apiTestCarLoan" time="0.007"/>
  <testcase classname="Test1.day1" name="mobileTestCarLoan" time="0.003"/>
  <testcase classname="Test1.day1" name="webTestCarLoan" time="0.003"/>
  <testcase classname="Test1.day2" name="apiTestHomeLoan" time="0.003"/>
  <testcase classname="Test1.day2" name="mobileTestHomeLoan" time="0.005"/>
  <testcase classname="Test1.day2" name="webTestHomeLoan" time="0.003"/>
</testsuite> <!-- car -->
