<?xml version="1.0" encoding="UTF-8"?>
<!-- Generated by org.testng.reporters.JUnitXMLReporter -->
<testsuite ignored="2" hostname="LP-5CG0471MNB" failures="0" tests="1" name="home" time="0.008" errors="0" timestamp="2024-03-15T12:51:05 IST">
  <testcase classname="Test1.day2" name="webTestHomeLoan" time="0.002"/>
  <testcase classname="Test1.day2" name="apiTestHomeLoan" time="0.0">
    <ignored/>
  </testcase> <!-- apiTestHomeLoan -->
  <testcase classname="Test1.day2" name="mobileTestHomeLoan" time="0.0">
    <ignored/>
  </testcase> <!-- mobileTestHomeLoan -->
</testsuite> <!-- home -->
