<?xml version="1.0" encoding="UTF-8"?>
<!-- Generated by org.testng.reporters.JUnitXMLReporter -->
<testsuite ignored="1" hostname="LP-5CG0471MNB" failures="0" tests="2" name="personal" time="0.014" errors="0" timestamp="2024-03-15T12:51:05 IST">
  <testcase classname="Test2.day3" name="mobileTestPersonalLoan" time="0.002"/>
  <testcase classname="Test2.day3" name="webTestPersonalLoan" time="0.004"/>
  <testcase classname="Test2.day3" name="apiTestPersonalLoan" time="0.0">
    <ignored/>
  </testcase> <!-- apiTestPersonalLoan -->
</testsuite> <!-- personal -->
